<?xml version="1.0" encoding="UTF-8"?>
<!-- Generated by org.testng.reporters.JUnitReportReporter -->
<testsuite hostname="DESKTOP-1S9E44E" failures="0" tests="1" name="com.it.bd.tests.DashboardTest" time="0.016" errors="0" timestamp="2023-07-08T17:43:12 BDT" skipped="0">
  <testcase classname="com.it.bd.tests.DashboardTest" name="DashboardTest" time="0.016"/>
</testsuite> <!-- com.it.bd.tests.DashboardTest -->
