<?xml version="1.0" encoding="UTF-8"?>
<!-- Generated by org.testng.reporters.JUnitReportReporter -->
<testsuite hostname="DESKTOP-1S9E44E" failures="0" tests="1" name="com.it.bd.tests.LoginTest" time="15.728" errors="0" timestamp="2023-07-08T17:43:12 BDT" skipped="0">
  <testcase classname="com.it.bd.tests.LoginTest" name="loginTest" time="15.728"/>
</testsuite> <!-- com.it.bd.tests.LoginTest -->
